0 info it worked if it ends with ok
1 verbose cli [ 'node',
1 verbose cli   'C:\\Users\\tweiner\\AppData\\Roaming\\npm\\node_modules\\npm\\bin\\npm-cli.js',
1 verbose cli   'install',
1 verbose cli   '-g',
1 verbose cli   'grunt-cli' ]
2 info using npm@2.6.1
3 info using node@v0.12.0
4 silly cache add args [ 'grunt-cli', null ]
5 verbose cache add spec grunt-cli
6 silly cache add parsed spec { raw: 'grunt-cli',
6 silly cache add   scope: null,
6 silly cache add   name: 'grunt-cli',
6 silly cache add   rawSpec: '',
6 silly cache add   spec: '*',
6 silly cache add   type: 'range' }
7 verbose addNamed grunt-cli@*
8 silly addNamed semver.valid null
9 silly addNamed semver.validRange *
10 silly addNameRange { name: 'grunt-cli', range: '*', hasData: false }
11 silly mapToRegistry name grunt-cli
12 silly mapToRegistry using default registry
13 silly mapToRegistry registry http://npm.pre.proquest.com:5000/
14 silly mapToRegistry uri http://npm.pre.proquest.com:5000/grunt-cli
15 verbose addNameRange registry:http://npm.pre.proquest.com:5000/grunt-cli not in flight; fetching
16 verbose request uri http://npm.pre.proquest.com:5000/grunt-cli
17 verbose request no auth needed
18 info attempt registry request try #1 at 6:43:31 PM
19 verbose request id bd4d084e5472f966
20 http request GET http://npm.pre.proquest.com:5000/grunt-cli
21 info retry will retry, error on last attempt: Error: connect ETIMEDOUT
22 info attempt registry request try #2 at 6:44:02 PM
23 http request GET http://npm.pre.proquest.com:5000/grunt-cli
24 info retry will retry, error on last attempt: Error: connect ETIMEDOUT
25 info attempt registry request try #3 at 6:45:23 PM
26 http request GET http://npm.pre.proquest.com:5000/grunt-cli
27 verbose stack Error: connect ETIMEDOUT
27 verbose stack     at exports._errnoException (util.js:746:11)
27 verbose stack     at TCPConnectWrap.afterConnect [as oncomplete] (net.js:983:19)
28 verbose cwd C:\Users\tweiner\workspace\Klaus_ECMS-UI_RESTANGULAR3
29 error Windows_NT 6.1.7601
30 error argv "node" "C:\\Users\\tweiner\\AppData\\Roaming\\npm\\node_modules\\npm\\bin\\npm-cli.js" "install" "-g" "grunt-cli"
31 error node v0.12.0
32 error npm  v2.6.1
33 error code ETIMEDOUT
34 error errno ETIMEDOUT
35 error syscall connect
36 error network connect ETIMEDOUT
36 error network This is most likely not a problem with npm itself
36 error network and is related to network connectivity.
36 error network In most cases you are behind a proxy or have bad network settings.
36 error network
36 error network If you are behind a proxy, please make sure that the
36 error network 'proxy' config is set properly.  See: 'npm help config'
37 verbose exit [ 1, true ]
